if system_dependent('IsDebugMode')==1, dbstep; end
if system_dependent('IsDebugMode')==1, dbstep; end
if system_dependent('IsDebugMode')==1, dbstep; end
if system_dependent('IsDebugMode')==1, dbstep; end
if system_dependent('IsDebugMode')==1, dbstep; end
if system_dependent('IsDebugMode')==1, dbstep; end
if system_dependent('IsDebugMode')==1, dbstep; end
if system_dependent('IsDebugMode')==1, dbstep; end
if system_dependent('IsDebugMode')==1, dbstep; end
processing mus 1: addbrev_r
num2str(n_mus+1)

ans =

    '1'

if system_dependent('IsDebugMode')==1, dbcont; end
if system_dependent('IsDebugMode')==1, dbquit all; end
main
if system_dependent('IsDebugMode')==1, dbcont; end
processing mus 1: addbrev_r
if system_dependent('IsDebugMode')==1, dbcont; end
processing mus 1: addbrev_r
processing mus 1: addbrev_r
processing mus 1: addbrev_r
